<?xml version="1.0" encoding="UTF-8"?>
<!-- Generated by org.testng.reporters.JUnitReportReporter -->
<testsuite skipped="0" hostname="INBLRWIT247622" name="com.volvo.java.readwritepropertyfile.ReadPropertyFile" tests="1" failures="0" timestamp="17 Feb 2020 08:55:18 GMT" time="0.015" errors="0">
  <testcase name="runMethod" time="0.015" classname="com.volvo.java.readwritepropertyfile.ReadPropertyFile"/>
</testsuite> <!-- com.volvo.java.readwritepropertyfile.ReadPropertyFile -->
